{"/Users/simon/repos/janus-client/src/client/response.ts": {"path":"/Users/simon/repos/janus-client/src/client/response.ts","statementMap":{"0":{"start":{"line":1,"column":0},"end":{"line":1,"column":43}},"1":{"start":{"line":8,"column":8},"end":{"line":8,"column":27}},"2":{"start":{"line":9,"column":8},"end":{"line":9,"column":28}},"3":{"start":{"line":13,"column":8},"end":{"line":13,"column":28}},"4":{"start":{"line":17,"column":8},"end":{"line":17,"column":29}},"5":{"start":{"line":21,"column":8},"end":{"line":21,"column":53}},"6":{"start":{"line":25,"column":8},"end":{"line":25,"column":52}},"7":{"start":{"line":29,"column":8},"end":{"line":29,"column":42}},"8":{"start":{"line":33,"column":8},"end":{"line":33,"column":40}},"9":{"start":{"line":37,"column":8},"end":{"line":37,"column":44}},"10":{"start":{"line":3,"column":0},"end":{"line":39,"column":1}},"11":{"start":{"line":43,"column":8},"end":{"line":43,"column":24}},"12":{"start":{"line":47,"column":8},"end":{"line":49,"column":10}},"13":{"start":{"line":53,"column":8},"end":{"line":53,"column":65}},"14":{"start":{"line":57,"column":8},"end":{"line":57,"column":63}},"15":{"start":{"line":41,"column":0},"end":{"line":59,"column":1}}},"fnMap":{"0":{"name":"(anonymous_0)","decl":{"start":{"line":7,"column":4},"end":{"line":7,"column":15}},"loc":{"start":{"line":7,"column":24},"end":{"line":10,"column":5}}},"1":{"name":"(anonymous_1)","decl":{"start":{"line":12,"column":11},"end":{"line":12,"column":20}},"loc":{"start":{"line":12,"column":21},"end":{"line":14,"column":5}}},"2":{"name":"(anonymous_2)","decl":{"start":{"line":16,"column":11},"end":{"line":16,"column":21}},"loc":{"start":{"line":16,"column":22},"end":{"line":18,"column":5}}},"3":{"name":"(anonymous_3)","decl":{"start":{"line":20,"column":11},"end":{"line":20,"column":17}},"loc":{"start":{"line":20,"column":18},"end":{"line":22,"column":5}}},"4":{"name":"(anonymous_4)","decl":{"start":{"line":24,"column":11},"end":{"line":24,"column":17}},"loc":{"start":{"line":24,"column":18},"end":{"line":26,"column":5}}},"5":{"name":"(anonymous_5)","decl":{"start":{"line":28,"column":11},"end":{"line":28,"column":17}},"loc":{"start":{"line":28,"column":18},"end":{"line":30,"column":5}}},"6":{"name":"(anonymous_6)","decl":{"start":{"line":32,"column":11},"end":{"line":32,"column":15}},"loc":{"start":{"line":32,"column":16},"end":{"line":34,"column":5}}},"7":{"name":"(anonymous_7)","decl":{"start":{"line":36,"column":11},"end":{"line":36,"column":19}},"loc":{"start":{"line":36,"column":20},"end":{"line":38,"column":5}}},"8":{"name":"(anonymous_8)","decl":{"start":{"line":42,"column":4},"end":{"line":42,"column":15}},"loc":{"start":{"line":42,"column":24},"end":{"line":44,"column":5}}},"9":{"name":"(anonymous_9)","decl":{"start":{"line":46,"column":11},"end":{"line":46,"column":17}},"loc":{"start":{"line":46,"column":18},"end":{"line":50,"column":5}}},"10":{"name":"(anonymous_10)","decl":{"start":{"line":52,"column":11},"end":{"line":52,"column":17}},"loc":{"start":{"line":52,"column":18},"end":{"line":54,"column":5}}},"11":{"name":"(anonymous_11)","decl":{"start":{"line":56,"column":11},"end":{"line":56,"column":17}},"loc":{"start":{"line":56,"column":18},"end":{"line":58,"column":5}}}},"branchMap":{},"s":{"0":1,"1":6,"2":6,"3":1,"4":1,"5":12,"6":0,"7":3,"8":3,"9":3,"10":1,"11":2,"12":1,"13":1,"14":1,"15":1},"f":{"0":6,"1":1,"2":1,"3":12,"4":0,"5":3,"6":3,"7":3,"8":2,"9":1,"10":1,"11":1},"b":{}}
,"/Users/simon/repos/janus-client/src/mock/janus-response.ts": {"path":"/Users/simon/repos/janus-client/src/mock/janus-response.ts","statementMap":{"0":{"start":{"line":3,"column":0},"end":{"line":368,"column":2}},"1":{"start":{"line":7,"column":16},"end":{"line":15,"column":18}},"2":{"start":{"line":22,"column":12},"end":{"line":138,"column":14}},"3":{"start":{"line":141,"column":12},"end":{"line":145,"column":14}},"4":{"start":{"line":151,"column":12},"end":{"line":155,"column":14}},"5":{"start":{"line":158,"column":12},"end":{"line":162,"column":14}},"6":{"start":{"line":165,"column":12},"end":{"line":169,"column":14}},"7":{"start":{"line":172,"column":12},"end":{"line":177,"column":14}},"8":{"start":{"line":183,"column":12},"end":{"line":187,"column":14}},"9":{"start":{"line":190,"column":12},"end":{"line":194,"column":14}},"10":{"start":{"line":197,"column":12},"end":{"line":201,"column":14}},"11":{"start":{"line":208,"column":16},"end":{"line":221,"column":18}},"12":{"start":{"line":225,"column":12},"end":{"line":234,"column":14}},"13":{"start":{"line":237,"column":12},"end":{"line":246,"column":14}},"14":{"start":{"line":249,"column":12},"end":{"line":262,"column":14}},"15":{"start":{"line":265,"column":12},"end":{"line":291,"column":14}},"16":{"start":{"line":294,"column":12},"end":{"line":322,"column":14}},"17":{"start":{"line":325,"column":12},"end":{"line":365,"column":13}},"18":{"start":{"line":327,"column":20},"end":{"line":342,"column":22}},"19":{"start":{"line":344,"column":20},"end":{"line":362,"column":22}},"20":{"start":{"line":364,"column":20},"end":{"line":364,"column":32}}},"fnMap":{"0":{"name":"info","decl":{"start":{"line":21,"column":23},"end":{"line":21,"column":27}},"loc":{"start":{"line":21,"column":31},"end":{"line":139,"column":9}}}},"branchMap":{"0":{"loc":{"start":{"line":326,"column":16},"end":{"line":342,"column":22}},"type":"switch","locations":[{"start":{"line":326,"column":16},"end":{"line":342,"column":22}},{"start":{"line":343,"column":16},"end":{"line":362,"column":22}},{"start":{"line":363,"column":16},"end":{"line":364,"column":32}}]}},"s":{"0":1,"1":1,"2":0,"3":0,"4":2,"5":0,"6":1,"7":0,"8":0,"9":0,"10":0,"11":1,"12":1,"13":0,"14":0,"15":0,"16":0,"17":0,"18":0,"19":0,"20":0},"f":{"0":0},"b":{"0":[0,0,0]}}
,"/Users/simon/repos/janus-client/src/utils/get-prop.ts": {"path":"/Users/simon/repos/janus-client/src/utils/get-prop.ts","statementMap":{"0":{"start":{"line":6,"column":21},"end":{"line":8,"column":48}},"1":{"start":{"line":8,"column":39},"end":{"line":8,"column":47}},"2":{"start":{"line":12,"column":4},"end":{"line":14,"column":5}},"3":{"start":{"line":13,"column":8},"end":{"line":13,"column":28}},"4":{"start":{"line":18,"column":4},"end":{"line":20,"column":5}},"5":{"start":{"line":19,"column":8},"end":{"line":19,"column":19}},"6":{"start":{"line":23,"column":23},"end":{"line":23,"column":39}},"7":{"start":{"line":24,"column":27},"end":{"line":24,"column":44}},"8":{"start":{"line":26,"column":4},"end":{"line":26,"column":61}},"9":{"start":{"line":1,"column":0},"end":{"line":27,"column":1}}},"fnMap":{"0":{"name":"getProp","decl":{"start":{"line":1,"column":16},"end":{"line":1,"column":23}},"loc":{"start":{"line":4,"column":21},"end":{"line":27,"column":1}}},"1":{"name":"(anonymous_1)","decl":{"start":{"line":8,"column":34},"end":{"line":8,"column":35}},"loc":{"start":{"line":8,"column":39},"end":{"line":8,"column":47}}}},"branchMap":{"0":{"loc":{"start":{"line":7,"column":10},"end":{"line":7,"column":15}},"type":"cond-expr","locations":[{"start":{"line":7,"column":10},"end":{"line":7,"column":15}},{"start":{"line":8,"column":10},"end":{"line":8,"column":48}}]},"1":{"loc":{"start":{"line":12,"column":4},"end":{"line":14,"column":5}},"type":"if","locations":[{"start":{"line":12,"column":4},"end":{"line":14,"column":5}},{"start":{"line":12,"column":4},"end":{"line":14,"column":5}}]},"2":{"loc":{"start":{"line":12,"column":8},"end":{"line":12,"column":25}},"type":"binary-expr","locations":[{"start":{"line":12,"column":8},"end":{"line":12,"column":25}},{"start":{"line":12,"column":29},"end":{"line":12,"column":41}}]},"3":{"loc":{"start":{"line":18,"column":4},"end":{"line":20,"column":5}},"type":"if","locations":[{"start":{"line":18,"column":4},"end":{"line":20,"column":5}},{"start":{"line":18,"column":4},"end":{"line":20,"column":5}}]}},"s":{"0":34,"1":19,"2":34,"3":0,"4":34,"5":15,"6":19,"7":19,"8":19,"9":1},"f":{"0":34,"1":19},"b":{"0":[19,15],"1":[0,34],"2":[34,34],"3":[15,19]}}
}
