TN:
SF:/Users/simon/repos/janus-client/src/client/response.ts
FN:7,(anonymous_0)
FN:12,(anonymous_1)
FN:16,(anonymous_2)
FN:20,(anonymous_3)
FN:24,(anonymous_4)
FN:28,(anonymous_5)
FN:32,(anonymous_6)
FN:36,(anonymous_7)
FN:42,(anonymous_8)
FN:46,(anonymous_9)
FN:52,(anonymous_10)
FN:56,(anonymous_11)
FNF:12
FNH:11
FNDA:6,(anonymous_0)
FNDA:1,(anonymous_1)
FNDA:1,(anonymous_2)
FNDA:12,(anonymous_3)
FNDA:0,(anonymous_4)
FNDA:3,(anonymous_5)
FNDA:3,(anonymous_6)
FNDA:3,(anonymous_7)
FNDA:2,(anonymous_8)
FNDA:1,(anonymous_9)
FNDA:1,(anonymous_10)
FNDA:1,(anonymous_11)
DA:1,1
DA:3,1
DA:8,6
DA:9,6
DA:13,1
DA:17,1
DA:21,12
DA:25,0
DA:29,3
DA:33,3
DA:37,3
DA:41,1
DA:43,2
DA:47,1
DA:53,1
DA:57,1
LF:16
LH:15
BRF:0
BRH:0
end_of_record
TN:
SF:/Users/simon/repos/janus-client/src/mock/janus-response.ts
FN:21,info
FNF:1
FNH:0
FNDA:0,info
DA:3,1
DA:7,1
DA:22,0
DA:141,0
DA:151,2
DA:158,0
DA:165,1
DA:172,0
DA:183,0
DA:190,0
DA:197,0
DA:208,1
DA:225,1
DA:237,0
DA:249,0
DA:265,0
DA:294,0
DA:325,0
DA:327,0
DA:344,0
DA:364,0
LF:21
LH:6
BRDA:326,0,0,0
BRDA:326,0,1,0
BRDA:326,0,2,0
BRF:3
BRH:0
end_of_record
TN:
SF:/Users/simon/repos/janus-client/src/utils/get-prop.ts
FN:1,getProp
FN:8,(anonymous_1)
FNF:2
FNH:2
FNDA:34,getProp
FNDA:19,(anonymous_1)
DA:1,1
DA:6,34
DA:8,19
DA:12,34
DA:13,0
DA:18,34
DA:19,15
DA:23,19
DA:24,19
DA:26,19
LF:10
LH:9
BRDA:7,0,0,19
BRDA:7,0,1,15
BRDA:12,1,0,0
BRDA:12,1,1,34
BRDA:12,2,0,34
BRDA:12,2,1,34
BRDA:18,3,0,15
BRDA:18,3,1,19
BRF:8
BRH:7
end_of_record
